<?xml version="1.0" encoding="UTF-8"?>
<!-- Generated by org.testng.reporters.JUnitReportReporter -->
<testsuite hostname="DOLebedev" name="test.timetest.TimeSuite" tests="2" failures="0" timestamp="20 Jul 2015 17:09:29 GMT" time="1.419" errors="0">
  <testcase name="timeTestTwo" time="0.418" classname="test.timetest.TimeSuite"/>
  <testcase name="timetestOne" time="1.001" classname="test.timetest.TimeSuite"/>
</testsuite> <!-- test.timetest.TimeSuite -->
