<?xml version="1.0" encoding="UTF-8"?>
<!-- Generated by org.testng.reporters.JUnitReportReporter -->
<testsuite hostname="DOLebedev" name="test.DisableTestClass" tests="2" failures="0" timestamp="20 Jul 2015 16:08:46 GMT" time="0.015" errors="0">
  <testcase name="tetsMethodThree" time="0.001" classname="test.DisableTestClass"/>
  <testcase name="testMethodOne" time="0.014" classname="test.DisableTestClass"/>
</testsuite> <!-- test.DisableTestClass -->
