<?xml version="1.0" encoding="UTF-8"?>
<!-- Generated by org.testng.reporters.JUnitReportReporter -->
<testsuite hostname="DOLebedev" name="test.TestClass" tests="2" failures="0" timestamp="20 Jul 2015 15:48:04 GMT" time="0.013" errors="0">
  <testcase name="testMethodTwo" time="0.001" classname="test.TestClass"/>
  <testcase name="testMethodOne" time="0.012" classname="test.TestClass"/>
</testsuite> <!-- test.TestClass -->
