<?xml version="1.0" encoding="UTF-8"?>
<!-- Generated by org.testng.reporters.JUnitReportReporter -->
<testsuite hostname="DOLebedev" name="test.SampleBuildTest" tests="2" failures="0" timestamp="3 Aug 2015 16:50:10 GMT" time="0.013" errors="0">
  <testcase name="testMethodTwo" time="0.000" classname="test.SampleBuildTest"/>
  <testcase name="testMethodOne" time="0.013" classname="test.SampleBuildTest"/>
</testsuite> <!-- test.SampleBuildTest -->
