<?xml version="1.0" encoding="UTF-8"?>
<!-- Generated by org.testng.reporters.JUnitReportReporter -->
<testsuite hostname="DOLebedev" name="test.SecondClass" tests="1" failures="0" timestamp="16 Jul 2015 17:25:57 GMT" time="0.001" errors="0">
  <testcase name="secondTest" time="0.001" classname="test.SecondClass"/>
</testsuite> <!-- test.SecondClass -->
