<?xml version="1.0" encoding="UTF-8"?>
<!-- Generated by org.testng.reporters.JUnitReportReporter -->
<testsuite hostname="DOLebedev" name="test.FirstTest" tests="1" failures="0" timestamp="16 Jul 2015 17:25:57 GMT" time="0.014" errors="0">
  <testcase name="firstText" time="0.014" classname="test.FirstTest"/>
</testsuite> <!-- test.FirstTest -->
