<?xml version="1.0" encoding="UTF-8"?>
<!-- Generated by org.testng.reporters.JUnitReportReporter -->
<testsuite hostname="DOLebedev" name="test.ThirdClass" tests="1" failures="0" timestamp="16 Jul 2015 17:25:57 GMT" time="0.000" errors="0">
  <testcase name="ThirdTest" time="0.000" classname="test.ThirdClass"/>
</testsuite> <!-- test.ThirdClass -->
