<?xml version="1.0" encoding="UTF-8"?>
<!-- Generated by org.testng.reporters.JUnitReportReporter -->
<testsuite hostname="DOLebedev" name="test.dataprovider.SameClaseDataProvider" tests="4" failures="0" timestamp="21 Jul 2015 05:49:58 GMT" time="0.014" errors="0">
  <testcase name="testMethod" time="0.001" classname="test.dataprovider.SameClaseDataProvider"/>
  <testcase name="testMethod" time="0.001" classname="test.dataprovider.SameClaseDataProvider"/>
  <testcase name="testMethod" time="0.012" classname="test.dataprovider.SameClaseDataProvider"/>
  <testcase name="testMethod" time="0.000" classname="test.dataprovider.SameClaseDataProvider"/>
</testsuite> <!-- test.dataprovider.SameClaseDataProvider -->
