<?xml version="1.0" encoding="UTF-8"?>
<!-- Generated by org.testng.reporters.JUnitReportReporter -->
<testsuite hostname="DOLebedev" name="test.dataprovider.TestClass" tests="2" failures="0" timestamp="21 Jul 2015 15:58:47 GMT" time="0.012" errors="0">
  <testcase name="testMethod" time="0.001" classname="test.dataprovider.TestClass"/>
  <testcase name="testMethod" time="0.011" classname="test.dataprovider.TestClass"/>
</testsuite> <!-- test.dataprovider.TestClass -->
