<?xml version="1.0" encoding="UTF-8"?>
<!-- Generated by org.testng.reporters.JUnitReportReporter -->
<testsuite hostname="DOLebedev" name="test.OptionalTest" tests="2" failures="0" timestamp="21 Jul 2015 05:25:37 GMT" time="0.013" errors="0">
  <testcase name="optionalTest" time="0.013" classname="test.OptionalTest"/>
  <testcase name="optionalTest" time="0.000" classname="test.OptionalTest"/>
</testsuite> <!-- test.OptionalTest -->
