<?xml version="1.0" encoding="UTF-8"?>
<!-- Generated by org.testng.reporters.JUnitReportReporter -->
<testsuite hostname="DOLebedev" name="test.parallelism.SampleTestMethod" tests="2" failures="0" timestamp="28 Jul 2015 05:51:21 GMT" time="0.031" errors="0">
  <testcase name="testMethodOne" time="0.015" classname="test.parallelism.SampleTestMethod"/>
  <testcase name="testMethodTwo" time="0.016" classname="test.parallelism.SampleTestMethod"/>
</testsuite> <!-- test.parallelism.SampleTestMethod -->
