<?xml version="1.0" encoding="UTF-8"?>
<!-- Generated by org.testng.reporters.JUnitReportReporter -->
<testsuite hostname="DOLebedev" name="test.parallelism.SampleTestSuite" tests="2" failures="0" timestamp="28 Jul 2015 06:23:49 GMT" time="0.011" errors="0">
  <testcase name="testMethodOne" time="0.005" classname="test.parallelism.SampleTestSuite"/>
  <testcase name="testMethodOne" time="0.006" classname="test.parallelism.SampleTestSuite"/>
</testsuite> <!-- test.parallelism.SampleTestSuite -->
