<?xml version="1.0" encoding="UTF-8"?>
<!-- Generated by org.testng.reporters.JUnitReportReporter -->
<testsuite hostname="DOLebedev" name="test.classes.ParameterTest" tests="4" failures="0" timestamp="27 Jul 2015 16:13:25 GMT" time="0.016" errors="0">
  <testcase name="methodOne" time="0.015" classname="test.classes.ParameterTest"/>
  <testcase name="methodTwo" time="0.001" classname="test.classes.ParameterTest"/>
  <testcase name="methodOne" time="0.000" classname="test.classes.ParameterTest"/>
  <testcase name="methodTwo" time="0.000" classname="test.classes.ParameterTest"/>
</testsuite> <!-- test.classes.ParameterTest -->
