<?xml version="1.0" encoding="UTF-8"?>
<!-- Generated by org.testng.reporters.JUnitReportReporter -->
<testsuite hostname="DOLebedev" name="test.classes.SimpleTest" tests="3" failures="0" timestamp="27 Jul 2015 16:03:41 GMT" time="0.017" errors="0">
  <testcase name="simpleTest" time="0.001" classname="test.classes.SimpleTest"/>
  <testcase name="simpleTest" time="0.003" classname="test.classes.SimpleTest"/>
  <testcase name="simpleTest" time="0.013" classname="test.classes.SimpleTest"/>
</testsuite> <!-- test.classes.SimpleTest -->
