<?xml version="1.0" encoding="UTF-8"?>
<!-- Generated by org.testng.reporters.JUnitReportReporter -->
<testsuite hostname="DOLebedev" name="test.classes.ExampleTest" tests="2" failures="0" timestamp="27 Jul 2015 17:10:57 GMT" time="0.006" errors="0">
  <testcase name="testMethod" time="0.000" classname="test.classes.ExampleTest"/>
  <testcase name="testMethod" time="0.006" classname="test.classes.ExampleTest"/>
</testsuite> <!-- test.classes.ExampleTest -->
