<?xml version="1.0" encoding="UTF-8"?>
<!-- Generated by org.testng.reporters.JUnitReportReporter -->
<testsuite hostname="DOLebedev" name="test.classes.DataProviderClass" tests="2" failures="0" timestamp="27 Jul 2015 16:41:45 GMT" time="0.007" errors="0">
  <testcase name="testMethod" time="0.006" classname="test.classes.DataProviderClass"/>
  <testcase name="testMethod" time="0.001" classname="test.classes.DataProviderClass"/>
</testsuite> <!-- test.classes.DataProviderClass -->
