<?xml version="1.0" encoding="UTF-8"?>
<!-- Generated by org.testng.reporters.JUnitReportReporter -->
<testsuite hostname="DOLebedev" name="test.classes.DataProviderConsTest" tests="4" failures="0" timestamp="27 Jul 2015 16:31:10 GMT" time="0.014" errors="0">
  <testcase name="testMethodOne" time="0.012" classname="test.classes.DataProviderConsTest"/>
  <testcase name="testMethodTwo" time="0.000" classname="test.classes.DataProviderConsTest"/>
  <testcase name="testMethodTwo" time="0.001" classname="test.classes.DataProviderConsTest"/>
  <testcase name="testMethodOne" time="0.001" classname="test.classes.DataProviderConsTest"/>
</testsuite> <!-- test.classes.DataProviderConsTest -->
