<?xml version="1.0" encoding="UTF-8"?>
<!-- Generated by org.testng.reporters.JUnitReportReporter -->
<testsuite hostname="DOLebedev" name="thirdpackage.FirstTestClass" tests="1" failures="0" timestamp="16 Jul 2015 17:40:41 GMT" time="0.001" errors="0">
  <testcase name="firstTest" time="0.001" classname="thirdpackage.FirstTestClass"/>
</testsuite> <!-- thirdpackage.FirstTestClass -->
