<?xml version="1.0" encoding="UTF-8"?>
<!-- Generated by org.testng.reporters.JUnitReportReporter -->
<testsuite hostname="DOLebedev" name="test.groups.ExcludeGroup" tests="5" failures="0" timestamp="23 Jul 2015 11:03:28 GMT" time="0.013" errors="0">
  <testcase name="testMethodOne" time="0.011" classname="test.groups.ExcludeGroup"/>
  <testcase name="testMethodTwo" time="0.001" classname="test.groups.ExcludeGroup"/>
  <testcase name="testMethodOne" time="0.000" classname="test.groups.ExcludeGroup"/>
  <testcase name="testMethodThree" time="0.001" classname="test.groups.ExcludeGroup"/>
  <testcase name="testMethodThree" time="0.000" classname="test.groups.ExcludeGroup"/>
</testsuite> <!-- test.groups.ExcludeGroup -->
