<?xml version="1.0" encoding="UTF-8"?>
<!-- Generated by org.testng.reporters.JUnitReportReporter -->
<testsuite hostname="DOLebedev" name="test.groups.defaultGroup" tests="2" failures="0" timestamp="23 Jul 2015 16:45:21 GMT" time="0.012" errors="0">
  <testcase name="testMethodOne" time="0.011" classname="test.groups.defaultGroup"/>
  <testcase name="testMethodThree" time="0.001" classname="test.groups.defaultGroup"/>
</testsuite> <!-- test.groups.defaultGroup -->
