<?xml version="1.0" encoding="UTF-8"?>
<!-- Generated by org.testng.reporters.JUnitReportReporter -->
<testsuite hostname="DOLebedev" name="test.groups.TestGroup" tests="2" failures="0" timestamp="23 Jul 2015 05:49:12 GMT" time="0.013" errors="0">
  <testcase name="testMethodThree" time="0.001" classname="test.groups.TestGroup"/>
  <testcase name="testMethodOne" time="0.012" classname="test.groups.TestGroup"/>
</testsuite> <!-- test.groups.TestGroup -->
