<?xml version="1.0" encoding="UTF-8"?>
<!-- Generated by org.testng.reporters.JUnitReportReporter -->
<testsuite hostname="DOLebedev" name="test.depends.groups.DifferentClassDependency" tests="3" failures="0" timestamp="24 Jul 2015 05:55:46 GMT" time="0.014" errors="0">
  <testcase name="testThree" time="0.013" classname="test.depends.groups.DifferentClassDependency"/>
  <testcase name="testTwo" time="0.001" classname="test.depends.groups.DifferentClassDependency"/>
  <testcase name="testOne" time="0.000" classname="test.depends.groups.DifferentClassDependency"/>
</testsuite> <!-- test.depends.groups.DifferentClassDependency -->
