<?xml version="1.0" encoding="UTF-8"?>
<!-- Generated by org.testng.reporters.JUnitReportReporter -->
<testsuite hostname="DOLebedev" name="test.depends.MultiDependencyTest" tests="3" failures="0" timestamp="23 Jul 2015 17:01:18 GMT" time="0.015" errors="0">
  <testcase name="testThree" time="0.013" classname="test.depends.MultiDependencyTest"/>
  <testcase name="testTwo" time="0.001" classname="test.depends.MultiDependencyTest"/>
  <testcase name="testOne" time="0.001" classname="test.depends.MultiDependencyTest"/>
</testsuite> <!-- test.depends.MultiDependencyTest -->
