<?xml version="1.0" encoding="UTF-8"?>
<!-- Generated by org.testng.reporters.JUnitReportReporter -->
<testsuite hostname="DOLebedev" name="test.depends.SimpleDependencyTest" tests="2" failures="0" timestamp="23 Jul 2015 16:56:46 GMT" time="0.016" errors="0">
  <testcase name="testTwo" time="0.015" classname="test.depends.SimpleDependencyTest"/>
  <testcase name="testOne" time="0.001" classname="test.depends.SimpleDependencyTest"/>
</testsuite> <!-- test.depends.SimpleDependencyTest -->
