<?xml version="1.0" encoding="UTF-8"?>
<!-- Generated by org.testng.reporters.JUnitReportReporter -->
<testsuite hostname="DOLebedev" name="test.depends.InheritedTest" tests="4" failures="0" timestamp="23 Jul 2015 17:07:11 GMT" time="0.020" errors="0">
  <testcase name="testTwo" time="0.003" classname="test.depends.InheritedTest"/>
  <testcase name="testThree" time="0.001" classname="test.depends.InheritedTest"/>
  <testcase name="testFour" time="0.015" classname="test.depends.InheritedTest"/>
  <testcase name="testOne" time="0.001" classname="test.depends.InheritedTest"/>
</testsuite> <!-- test.depends.InheritedTest -->
